<?xml version="1.0" encoding="UTF-8"?>
<!-- Generated by org.testng.reporters.JUnitReportReporter -->
<testsuite hostname="DESKTOP-1BVA85T" failures="0" tests="9" name="com.bookerapi.testcases.TC001_Get_All_Booking_Ids" time="0.186" errors="0" timestamp="2022-05-28T17:42:31 IST" skipped="0">
  <testcase classname="com.bookerapi.testcases.TC001_Get_All_Booking_Ids" name="checkServerType_TC001" time="0.010"/>
  <system-out/>
  <testcase classname="com.bookerapi.testcases.TC001_Get_All_Booking_Ids" name="checkStatusCode_TC001" time="0.004"/>
  <system-out/>
  <testcase classname="com.bookerapi.testcases.TC001_Get_All_Booking_Ids" name="checkResponseBody_TC001" time="0.134"/>
  <system-out/>
  <testcase classname="com.bookerapi.testcases.TC001_Get_All_Booking_Ids" name="checkCookies_TC001" time="0.009"/>
  <system-out/>
  <testcase classname="com.bookerapi.testcases.TC001_Get_All_Booking_Ids" name="checkResponseTime_TC001" time="0.005"/>
  <system-out/>
  <testcase classname="com.bookerapi.testcases.TC001_Get_All_Booking_Ids" name="checkContentType_TC001" time="0.003"/>
  <system-out/>
  <testcase classname="com.bookerapi.testcases.TC001_Get_All_Booking_Ids" name="checkStatusLine_TC001" time="0.002"/>
  <system-out/>
  <testcase classname="com.bookerapi.testcases.TC001_Get_All_Booking_Ids" name="checkContentEncoding_TC001" time="0.017"/>
  <system-out/>
  <testcase classname="com.bookerapi.testcases.TC001_Get_All_Booking_Ids" name="checkContentLength_TC001" time="0.002"/>
  <system-out/>
</testsuite> <!-- com.bookerapi.testcases.TC001_Get_All_Booking_Ids -->
