<?xml version="1.0" encoding="UTF-8"?>
<!-- Generated by org.testng.reporters.JUnitReportReporter -->
<testsuite hostname="DESKTOP-1BVA85T" failures="0" tests="6" name="com.bookerapi.testcases.TC004_Update_Booking" time="39.536" errors="0" timestamp="2022-05-28T17:42:31 IST" skipped="0">
  <testcase classname="com.bookerapi.testcases.TC004_Update_Booking" name="checkStatusCode_TC004" time="6.474"/>
  <system-out/>
  <testcase classname="com.bookerapi.testcases.TC004_Update_Booking" name="checkStatusLine_TC004" time="6.369"/>
  <system-out/>
  <testcase classname="com.bookerapi.testcases.TC004_Update_Booking" name="checkContentType_TC004" time="6.283"/>
  <system-out/>
  <testcase classname="com.bookerapi.testcases.TC004_Update_Booking" name="checkContentEncoder_TC004" time="6.335"/>
  <system-out/>
  <testcase classname="com.bookerapi.testcases.TC004_Update_Booking" name="checkServerType_TC004" time="6.366"/>
  <system-out/>
  <testcase classname="com.bookerapi.testcases.TC004_Update_Booking" name="checkResponseBody_TC004" time="7.709"/>
  <system-out/>
</testsuite> <!-- com.bookerapi.testcases.TC004_Update_Booking -->
