<?xml version="1.0" encoding="UTF-8"?>
<!-- Generated by org.testng.reporters.JUnitReportReporter -->
<testsuite hostname="DESKTOP-1BVA85T" failures="0" tests="7" name="com.bookerapi.testcases.TC002_Get_Booking_By_Id" time="0.033" errors="0" timestamp="2022-05-28T17:42:31 IST" skipped="0">
  <testcase classname="com.bookerapi.testcases.TC002_Get_Booking_By_Id" name="checkContentLength_TC002" time="0.005"/>
  <system-out/>
  <testcase classname="com.bookerapi.testcases.TC002_Get_Booking_By_Id" name="checkResponseTime_TC002" time="0.002"/>
  <system-out/>
  <testcase classname="com.bookerapi.testcases.TC002_Get_Booking_By_Id" name="checkStatusCode_TC002" time="0.004"/>
  <system-out/>
  <testcase classname="com.bookerapi.testcases.TC002_Get_Booking_By_Id" name="checkStatusLine_TC002" time="0.002"/>
  <system-out/>
  <testcase classname="com.bookerapi.testcases.TC002_Get_Booking_By_Id" name="checkContententType_TC002" time="0.006"/>
  <system-out/>
  <testcase classname="com.bookerapi.testcases.TC002_Get_Booking_By_Id" name="checkResponseBody_TC002" time="0.010"/>
  <system-out/>
  <testcase classname="com.bookerapi.testcases.TC002_Get_Booking_By_Id" name="tearDown" time="0.004"/>
  <system-out/>
</testsuite> <!-- com.bookerapi.testcases.TC002_Get_Booking_By_Id -->
