<?xml version="1.0" encoding="UTF-8"?>
<!-- Generated by org.testng.reporters.JUnitReportReporter -->
<testsuite skipped="0" hostname="DESKTOP-1BVA85T" name="com.bookerapi.testcases.TC003_Post_CreateBooking" tests="4" failures="0" timestamp="2022-06-02T06:47:57 IST" time="37.073" errors="0">
  <testcase name="checkResponseBody_TC003" time="11.668" classname="com.bookerapi.testcases.TC003_Post_CreateBooking"/>
  <system-out/>
  <testcase name="checkResponseBody_TC003" time="8.923" classname="com.bookerapi.testcases.TC003_Post_CreateBooking"/>
  <system-out/>
  <testcase name="checkResponseBody_TC003" time="8.259" classname="com.bookerapi.testcases.TC003_Post_CreateBooking"/>
  <system-out/>
  <testcase name="checkResponseBody_TC003" time="8.223" classname="com.bookerapi.testcases.TC003_Post_CreateBooking"/>
  <system-out/>
</testsuite> <!-- com.bookerapi.testcases.TC003_Post_CreateBooking -->
