<?xml version="1.0" encoding="UTF-8"?>
<!-- Generated by org.testng.reporters.JUnitReportReporter -->
<testsuite hostname="DESKTOP-1BVA85T" failures="0" tests="9" name="com.bookerapi.testcases.TC003_Post_CreateBooking" time="64.393" errors="0" timestamp="2022-05-28T17:42:31 IST" skipped="0">
  <testcase classname="com.bookerapi.testcases.TC003_Post_CreateBooking" name="checkServerType_TC003" time="6.356"/>
  <system-out/>
  <testcase classname="com.bookerapi.testcases.TC003_Post_CreateBooking" name="checkResponseBody_TC003" time="7.997"/>
  <system-out/>
  <testcase classname="com.bookerapi.testcases.TC003_Post_CreateBooking" name="checkStatusLine" time="6.828"/>
  <system-out/>
  <testcase classname="com.bookerapi.testcases.TC003_Post_CreateBooking" name="checkResponseBody_TC003" time="8.060"/>
  <system-out/>
  <testcase classname="com.bookerapi.testcases.TC003_Post_CreateBooking" name="checkResponseBody_TC003" time="7.867"/>
  <system-out/>
  <testcase classname="com.bookerapi.testcases.TC003_Post_CreateBooking" name="checkResponseBody_TC003" time="7.823"/>
  <system-out/>
  <testcase classname="com.bookerapi.testcases.TC003_Post_CreateBooking" name="checkContentEncoder_TC003" time="6.299"/>
  <system-out/>
  <testcase classname="com.bookerapi.testcases.TC003_Post_CreateBooking" name="checkContentType_TC003" time="6.414"/>
  <system-out/>
  <testcase classname="com.bookerapi.testcases.TC003_Post_CreateBooking" name="checkStatusCode_TC003" time="6.749"/>
  <system-out/>
</testsuite> <!-- com.bookerapi.testcases.TC003_Post_CreateBooking -->
