<?xml version="1.0" encoding="UTF-8"?>
<!-- Generated by org.testng.reporters.JUnitReportReporter -->
<testsuite hostname="DESKTOP-1BVA85T" failures="0" tests="6" name="com.bookerapi.testcases.TC005_Delete_Booking" time="41.996" errors="0" timestamp="2022-05-28T17:42:31 IST" skipped="0">
  <testcase classname="com.bookerapi.testcases.TC005_Delete_Booking" name="checkContentType_TC005" time="6.614"/>
  <system-out/>
  <testcase classname="com.bookerapi.testcases.TC005_Delete_Booking" name="checkContentEncoder_TC005" time="6.504"/>
  <system-out/>
  <testcase classname="com.bookerapi.testcases.TC005_Delete_Booking" name="checkResponseBody_TC005" time="9.679"/>
  <system-out/>
  <testcase classname="com.bookerapi.testcases.TC005_Delete_Booking" name="checkStatusCode_TC005" time="6.434"/>
  <system-out/>
  <testcase classname="com.bookerapi.testcases.TC005_Delete_Booking" name="checkStatusLine_TC005" time="6.341"/>
  <system-out/>
  <testcase classname="com.bookerapi.testcases.TC005_Delete_Booking" name="checkServerType_TC005" time="6.424"/>
  <system-out/>
</testsuite> <!-- com.bookerapi.testcases.TC005_Delete_Booking -->
